<?xml version="1.0" encoding="UTF-8"?>
<testsuite xmlns:xsi="http://www.w3.org/2001/XMLSchema-instance" xsi:noNamespaceSchemaLocation="https://maven.apache.org/surefire/maven-surefire-plugin/xsd/surefire-test-report-3.0.xsd" version="3.0" name="com.luv2code.springboot.cruddemo.CruddemoApplicationTests" time="9.639" tests="1" errors="0" skipped="0" failures="0">
  <properties>
    <property name="java.specification.version" value="19"/>
    <property name="sun.jnu.encoding" value="UTF-8"/>
    <property name="java.class.path" value="/Users/macbook/dev-spring-boot/05-spring-boot-rest-security/00-spring-boot-rest-security-employee-starter-code/target/test-classes:/Users/macbook/dev-spring-boot/05-spring-boot-rest-security/00-spring-boot-rest-security-employee-starter-code/target/classes:/Users/macbook/.m2/repository/org/postgresql/postgresql/42.6.1/postgresql-42.6.1.jar:/Users/macbook/.m2/repository/org/checkerframework/checker-qual/3.31.0/checker-qual-3.31.0.jar:/Users/macbook/.m2/repository/org/springframework/boot/spring-boot-starter-security/3.1.9/spring-boot-starter-security-3.1.9.jar:/Users/macbook/.m2/repository/org/springframework/boot/spring-boot-starter/3.1.9/spring-boot-starter-3.1.9.jar:/Users/macbook/.m2/repository/org/springframework/boot/spring-boot-starter-logging/3.1.9/spring-boot-starter-logging-3.1.9.jar:/Users/macbook/.m2/repository/ch/qos/logback/logback-classic/1.4.14/logback-classic-1.4.14.jar:/Users/macbook/.m2/repository/ch/qos/logback/logback-core/1.4.14/logback-core-1.4.14.jar:/Users/macbook/.m2/repository/org/apache/logging/log4j/log4j-to-slf4j/2.20.0/log4j-to-slf4j-2.20.0.jar:/Users/macbook/.m2/repository/org/apache/logging/log4j/log4j-api/2.20.0/log4j-api-2.20.0.jar:/Users/macbook/.m2/repository/org/slf4j/jul-to-slf4j/2.0.12/jul-to-slf4j-2.0.12.jar:/Users/macbook/.m2/repository/jakarta/annotation/jakarta.annotation-api/2.1.1/jakarta.annotation-api-2.1.1.jar:/Users/macbook/.m2/repository/org/yaml/snakeyaml/1.33/snakeyaml-1.33.jar:/Users/macbook/.m2/repository/org/springframework/spring-aop/6.0.17/spring-aop-6.0.17.jar:/Users/macbook/.m2/repository/org/springframework/spring-beans/6.0.17/spring-beans-6.0.17.jar:/Users/macbook/.m2/repository/org/springframework/security/spring-security-config/6.1.7/spring-security-config-6.1.7.jar:/Users/macbook/.m2/repository/org/springframework/security/spring-security-core/6.1.7/spring-security-core-6.1.7.jar:/Users/macbook/.m2/repository/org/springframework/security/spring-security-crypto/6.1.7/spring-security-crypto-6.1.7.jar:/Users/macbook/.m2/repository/org/springframework/spring-context/6.0.17/spring-context-6.0.17.jar:/Users/macbook/.m2/repository/org/springframework/security/spring-security-web/6.1.7/spring-security-web-6.1.7.jar:/Users/macbook/.m2/repository/org/springframework/spring-expression/6.0.17/spring-expression-6.0.17.jar:/Users/macbook/.m2/repository/org/springframework/boot/spring-boot-starter-data-jpa/3.1.9/spring-boot-starter-data-jpa-3.1.9.jar:/Users/macbook/.m2/repository/org/springframework/boot/spring-boot-starter-aop/3.1.9/spring-boot-starter-aop-3.1.9.jar:/Users/macbook/.m2/repository/org/aspectj/aspectjweaver/1.9.21/aspectjweaver-1.9.21.jar:/Users/macbook/.m2/repository/org/springframework/boot/spring-boot-starter-jdbc/3.1.9/spring-boot-starter-jdbc-3.1.9.jar:/Users/macbook/.m2/repository/com/zaxxer/HikariCP/5.0.1/HikariCP-5.0.1.jar:/Users/macbook/.m2/repository/org/springframework/spring-jdbc/6.0.17/spring-jdbc-6.0.17.jar:/Users/macbook/.m2/repository/org/hibernate/orm/hibernate-core/6.2.22.Final/hibernate-core-6.2.22.Final.jar:/Users/macbook/.m2/repository/jakarta/persistence/jakarta.persistence-api/3.1.0/jakarta.persistence-api-3.1.0.jar:/Users/macbook/.m2/repository/jakarta/transaction/jakarta.transaction-api/2.0.1/jakarta.transaction-api-2.0.1.jar:/Users/macbook/.m2/repository/org/jboss/logging/jboss-logging/3.5.3.Final/jboss-logging-3.5.3.Final.jar:/Users/macbook/.m2/repository/org/hibernate/common/hibernate-commons-annotations/6.0.6.Final/hibernate-commons-annotations-6.0.6.Final.jar:/Users/macbook/.m2/repository/io/smallrye/jandex/3.0.5/jandex-3.0.5.jar:/Users/macbook/.m2/repository/com/fasterxml/classmate/1.5.1/classmate-1.5.1.jar:/Users/macbook/.m2/repository/net/bytebuddy/byte-buddy/1.14.12/byte-buddy-1.14.12.jar:/Users/macbook/.m2/repository/org/glassfish/jaxb/jaxb-runtime/4.0.4/jaxb-runtime-4.0.4.jar:/Users/macbook/.m2/repository/org/glassfish/jaxb/jaxb-core/4.0.4/jaxb-core-4.0.4.jar:/Users/macbook/.m2/repository/org/eclipse/angus/angus-activation/2.0.1/angus-activation-2.0.1.jar:/Users/macbook/.m2/repository/org/glassfish/jaxb/txw2/4.0.4/txw2-4.0.4.jar:/Users/macbook/.m2/repository/com/sun/istack/istack-commons-runtime/4.1.2/istack-commons-runtime-4.1.2.jar:/Users/macbook/.m2/repository/jakarta/inject/jakarta.inject-api/2.0.1/jakarta.inject-api-2.0.1.jar:/Users/macbook/.m2/repository/org/antlr/antlr4-runtime/4.10.1/antlr4-runtime-4.10.1.jar:/Users/macbook/.m2/repository/org/springframework/data/spring-data-jpa/3.1.9/spring-data-jpa-3.1.9.jar:/Users/macbook/.m2/repository/org/springframework/data/spring-data-commons/3.1.9/spring-data-commons-3.1.9.jar:/Users/macbook/.m2/repository/org/springframework/spring-orm/6.0.17/spring-orm-6.0.17.jar:/Users/macbook/.m2/repository/org/springframework/spring-tx/6.0.17/spring-tx-6.0.17.jar:/Users/macbook/.m2/repository/org/slf4j/slf4j-api/2.0.12/slf4j-api-2.0.12.jar:/Users/macbook/.m2/repository/org/springframework/spring-aspects/6.0.17/spring-aspects-6.0.17.jar:/Users/macbook/.m2/repository/org/springframework/boot/spring-boot-starter-web/3.1.9/spring-boot-starter-web-3.1.9.jar:/Users/macbook/.m2/repository/org/springframework/boot/spring-boot-starter-json/3.1.9/spring-boot-starter-json-3.1.9.jar:/Users/macbook/.m2/repository/com/fasterxml/jackson/core/jackson-databind/2.15.4/jackson-databind-2.15.4.jar:/Users/macbook/.m2/repository/com/fasterxml/jackson/core/jackson-annotations/2.15.4/jackson-annotations-2.15.4.jar:/Users/macbook/.m2/repository/com/fasterxml/jackson/core/jackson-core/2.15.4/jackson-core-2.15.4.jar:/Users/macbook/.m2/repository/com/fasterxml/jackson/datatype/jackson-datatype-jdk8/2.15.4/jackson-datatype-jdk8-2.15.4.jar:/Users/macbook/.m2/repository/com/fasterxml/jackson/datatype/jackson-datatype-jsr310/2.15.4/jackson-datatype-jsr310-2.15.4.jar:/Users/macbook/.m2/repository/com/fasterxml/jackson/module/jackson-module-parameter-names/2.15.4/jackson-module-parameter-names-2.15.4.jar:/Users/macbook/.m2/repository/org/springframework/boot/spring-boot-starter-tomcat/3.1.9/spring-boot-starter-tomcat-3.1.9.jar:/Users/macbook/.m2/repository/org/apache/tomcat/embed/tomcat-embed-core/10.1.19/tomcat-embed-core-10.1.19.jar:/Users/macbook/.m2/repository/org/apache/tomcat/embed/tomcat-embed-el/10.1.19/tomcat-embed-el-10.1.19.jar:/Users/macbook/.m2/repository/org/apache/tomcat/embed/tomcat-embed-websocket/10.1.19/tomcat-embed-websocket-10.1.19.jar:/Users/macbook/.m2/repository/org/springframework/spring-web/6.0.17/spring-web-6.0.17.jar:/Users/macbook/.m2/repository/io/micrometer/micrometer-observation/1.11.9/micrometer-observation-1.11.9.jar:/Users/macbook/.m2/repository/io/micrometer/micrometer-commons/1.11.9/micrometer-commons-1.11.9.jar:/Users/macbook/.m2/repository/org/springframework/spring-webmvc/6.0.17/spring-webmvc-6.0.17.jar:/Users/macbook/.m2/repository/org/springframework/boot/spring-boot-devtools/3.1.9/spring-boot-devtools-3.1.9.jar:/Users/macbook/.m2/repository/org/springframework/boot/spring-boot/3.1.9/spring-boot-3.1.9.jar:/Users/macbook/.m2/repository/org/springframework/boot/spring-boot-autoconfigure/3.1.9/spring-boot-autoconfigure-3.1.9.jar:/Users/macbook/.m2/repository/org/springframework/boot/spring-boot-starter-test/3.1.9/spring-boot-starter-test-3.1.9.jar:/Users/macbook/.m2/repository/org/springframework/boot/spring-boot-test/3.1.9/spring-boot-test-3.1.9.jar:/Users/macbook/.m2/repository/org/springframework/boot/spring-boot-test-autoconfigure/3.1.9/spring-boot-test-autoconfigure-3.1.9.jar:/Users/macbook/.m2/repository/com/jayway/jsonpath/json-path/2.9.0/json-path-2.9.0.jar:/Users/macbook/.m2/repository/jakarta/xml/bind/jakarta.xml.bind-api/4.0.1/jakarta.xml.bind-api-4.0.1.jar:/Users/macbook/.m2/repository/jakarta/activation/jakarta.activation-api/2.1.2/jakarta.activation-api-2.1.2.jar:/Users/macbook/.m2/repository/net/minidev/json-smart/2.4.11/json-smart-2.4.11.jar:/Users/macbook/.m2/repository/net/minidev/accessors-smart/2.4.11/accessors-smart-2.4.11.jar:/Users/macbook/.m2/repository/org/ow2/asm/asm/9.3/asm-9.3.jar:/Users/macbook/.m2/repository/org/assertj/assertj-core/3.24.2/assertj-core-3.24.2.jar:/Users/macbook/.m2/repository/org/hamcrest/hamcrest/2.2/hamcrest-2.2.jar:/Users/macbook/.m2/repository/org/junit/jupiter/junit-jupiter/5.9.3/junit-jupiter-5.9.3.jar:/Users/macbook/.m2/repository/org/junit/jupiter/junit-jupiter-api/5.9.3/junit-jupiter-api-5.9.3.jar:/Users/macbook/.m2/repository/org/opentest4j/opentest4j/1.2.0/opentest4j-1.2.0.jar:/Users/macbook/.m2/repository/org/junit/platform/junit-platform-commons/1.9.3/junit-platform-commons-1.9.3.jar:/Users/macbook/.m2/repository/org/apiguardian/apiguardian-api/1.1.2/apiguardian-api-1.1.2.jar:/Users/macbook/.m2/repository/org/junit/jupiter/junit-jupiter-params/5.9.3/junit-jupiter-params-5.9.3.jar:/Users/macbook/.m2/repository/org/junit/jupiter/junit-jupiter-engine/5.9.3/junit-jupiter-engine-5.9.3.jar:/Users/macbook/.m2/repository/org/junit/platform/junit-platform-engine/1.9.3/junit-platform-engine-1.9.3.jar:/Users/macbook/.m2/repository/org/mockito/mockito-core/5.3.1/mockito-core-5.3.1.jar:/Users/macbook/.m2/repository/net/bytebuddy/byte-buddy-agent/1.14.12/byte-buddy-agent-1.14.12.jar:/Users/macbook/.m2/repository/org/objenesis/objenesis/3.3/objenesis-3.3.jar:/Users/macbook/.m2/repository/org/mockito/mockito-junit-jupiter/5.3.1/mockito-junit-jupiter-5.3.1.jar:/Users/macbook/.m2/repository/org/skyscreamer/jsonassert/1.5.1/jsonassert-1.5.1.jar:/Users/macbook/.m2/repository/com/vaadin/external/google/android-json/0.0.20131108.vaadin1/android-json-0.0.20131108.vaadin1.jar:/Users/macbook/.m2/repository/org/springframework/spring-core/6.0.17/spring-core-6.0.17.jar:/Users/macbook/.m2/repository/org/springframework/spring-jcl/6.0.17/spring-jcl-6.0.17.jar:/Users/macbook/.m2/repository/org/springframework/spring-test/6.0.17/spring-test-6.0.17.jar:/Users/macbook/.m2/repository/org/xmlunit/xmlunit-core/2.9.1/xmlunit-core-2.9.1.jar:"/>
    <property name="java.vm.vendor" value="Amazon.com Inc."/>
    <property name="sun.arch.data.model" value="64"/>
    <property name="java.vendor.url" value="https://aws.amazon.com/corretto/"/>
    <property name="user.timezone" value="America/Los_Angeles"/>
    <property name="org.jboss.logging.provider" value="slf4j"/>
    <property name="os.name" value="Mac OS X"/>
    <property name="java.vm.specification.version" value="19"/>
    <property name="sun.java.launcher" value="SUN_STANDARD"/>
    <property name="user.country" value="GB"/>
    <property name="sun.boot.library.path" value="/Users/macbook/Library/Java/JavaVirtualMachines/corretto-19.0.2/Contents/Home/lib"/>
    <property name="sun.java.command" value="/Users/macbook/dev-spring-boot/05-spring-boot-rest-security/00-spring-boot-rest-security-employee-starter-code/target/surefire/surefirebooter-20240312213713963_3.jar /Users/macbook/dev-spring-boot/05-spring-boot-rest-security/00-spring-boot-rest-security-employee-starter-code/target/surefire 2024-03-12T21-37-13_783-jvmRun1 surefire-20240312213713963_1tmp surefire_0-20240312213713963_2tmp"/>
    <property name="http.nonProxyHosts" value="local|*.local|169.254/16|*.169.254/16"/>
    <property name="jdk.debug" value="release"/>
    <property name="surefire.test.class.path" value="/Users/macbook/dev-spring-boot/05-spring-boot-rest-security/00-spring-boot-rest-security-employee-starter-code/target/test-classes:/Users/macbook/dev-spring-boot/05-spring-boot-rest-security/00-spring-boot-rest-security-employee-starter-code/target/classes:/Users/macbook/.m2/repository/org/postgresql/postgresql/42.6.1/postgresql-42.6.1.jar:/Users/macbook/.m2/repository/org/checkerframework/checker-qual/3.31.0/checker-qual-3.31.0.jar:/Users/macbook/.m2/repository/org/springframework/boot/spring-boot-starter-security/3.1.9/spring-boot-starter-security-3.1.9.jar:/Users/macbook/.m2/repository/org/springframework/boot/spring-boot-starter/3.1.9/spring-boot-starter-3.1.9.jar:/Users/macbook/.m2/repository/org/springframework/boot/spring-boot-starter-logging/3.1.9/spring-boot-starter-logging-3.1.9.jar:/Users/macbook/.m2/repository/ch/qos/logback/logback-classic/1.4.14/logback-classic-1.4.14.jar:/Users/macbook/.m2/repository/ch/qos/logback/logback-core/1.4.14/logback-core-1.4.14.jar:/Users/macbook/.m2/repository/org/apache/logging/log4j/log4j-to-slf4j/2.20.0/log4j-to-slf4j-2.20.0.jar:/Users/macbook/.m2/repository/org/apache/logging/log4j/log4j-api/2.20.0/log4j-api-2.20.0.jar:/Users/macbook/.m2/repository/org/slf4j/jul-to-slf4j/2.0.12/jul-to-slf4j-2.0.12.jar:/Users/macbook/.m2/repository/jakarta/annotation/jakarta.annotation-api/2.1.1/jakarta.annotation-api-2.1.1.jar:/Users/macbook/.m2/repository/org/yaml/snakeyaml/1.33/snakeyaml-1.33.jar:/Users/macbook/.m2/repository/org/springframework/spring-aop/6.0.17/spring-aop-6.0.17.jar:/Users/macbook/.m2/repository/org/springframework/spring-beans/6.0.17/spring-beans-6.0.17.jar:/Users/macbook/.m2/repository/org/springframework/security/spring-security-config/6.1.7/spring-security-config-6.1.7.jar:/Users/macbook/.m2/repository/org/springframework/security/spring-security-core/6.1.7/spring-security-core-6.1.7.jar:/Users/macbook/.m2/repository/org/springframework/security/spring-security-crypto/6.1.7/spring-security-crypto-6.1.7.jar:/Users/macbook/.m2/repository/org/springframework/spring-context/6.0.17/spring-context-6.0.17.jar:/Users/macbook/.m2/repository/org/springframework/security/spring-security-web/6.1.7/spring-security-web-6.1.7.jar:/Users/macbook/.m2/repository/org/springframework/spring-expression/6.0.17/spring-expression-6.0.17.jar:/Users/macbook/.m2/repository/org/springframework/boot/spring-boot-starter-data-jpa/3.1.9/spring-boot-starter-data-jpa-3.1.9.jar:/Users/macbook/.m2/repository/org/springframework/boot/spring-boot-starter-aop/3.1.9/spring-boot-starter-aop-3.1.9.jar:/Users/macbook/.m2/repository/org/aspectj/aspectjweaver/1.9.21/aspectjweaver-1.9.21.jar:/Users/macbook/.m2/repository/org/springframework/boot/spring-boot-starter-jdbc/3.1.9/spring-boot-starter-jdbc-3.1.9.jar:/Users/macbook/.m2/repository/com/zaxxer/HikariCP/5.0.1/HikariCP-5.0.1.jar:/Users/macbook/.m2/repository/org/springframework/spring-jdbc/6.0.17/spring-jdbc-6.0.17.jar:/Users/macbook/.m2/repository/org/hibernate/orm/hibernate-core/6.2.22.Final/hibernate-core-6.2.22.Final.jar:/Users/macbook/.m2/repository/jakarta/persistence/jakarta.persistence-api/3.1.0/jakarta.persistence-api-3.1.0.jar:/Users/macbook/.m2/repository/jakarta/transaction/jakarta.transaction-api/2.0.1/jakarta.transaction-api-2.0.1.jar:/Users/macbook/.m2/repository/org/jboss/logging/jboss-logging/3.5.3.Final/jboss-logging-3.5.3.Final.jar:/Users/macbook/.m2/repository/org/hibernate/common/hibernate-commons-annotations/6.0.6.Final/hibernate-commons-annotations-6.0.6.Final.jar:/Users/macbook/.m2/repository/io/smallrye/jandex/3.0.5/jandex-3.0.5.jar:/Users/macbook/.m2/repository/com/fasterxml/classmate/1.5.1/classmate-1.5.1.jar:/Users/macbook/.m2/repository/net/bytebuddy/byte-buddy/1.14.12/byte-buddy-1.14.12.jar:/Users/macbook/.m2/repository/org/glassfish/jaxb/jaxb-runtime/4.0.4/jaxb-runtime-4.0.4.jar:/Users/macbook/.m2/repository/org/glassfish/jaxb/jaxb-core/4.0.4/jaxb-core-4.0.4.jar:/Users/macbook/.m2/repository/org/eclipse/angus/angus-activation/2.0.1/angus-activation-2.0.1.jar:/Users/macbook/.m2/repository/org/glassfish/jaxb/txw2/4.0.4/txw2-4.0.4.jar:/Users/macbook/.m2/repository/com/sun/istack/istack-commons-runtime/4.1.2/istack-commons-runtime-4.1.2.jar:/Users/macbook/.m2/repository/jakarta/inject/jakarta.inject-api/2.0.1/jakarta.inject-api-2.0.1.jar:/Users/macbook/.m2/repository/org/antlr/antlr4-runtime/4.10.1/antlr4-runtime-4.10.1.jar:/Users/macbook/.m2/repository/org/springframework/data/spring-data-jpa/3.1.9/spring-data-jpa-3.1.9.jar:/Users/macbook/.m2/repository/org/springframework/data/spring-data-commons/3.1.9/spring-data-commons-3.1.9.jar:/Users/macbook/.m2/repository/org/springframework/spring-orm/6.0.17/spring-orm-6.0.17.jar:/Users/macbook/.m2/repository/org/springframework/spring-tx/6.0.17/spring-tx-6.0.17.jar:/Users/macbook/.m2/repository/org/slf4j/slf4j-api/2.0.12/slf4j-api-2.0.12.jar:/Users/macbook/.m2/repository/org/springframework/spring-aspects/6.0.17/spring-aspects-6.0.17.jar:/Users/macbook/.m2/repository/org/springframework/boot/spring-boot-starter-web/3.1.9/spring-boot-starter-web-3.1.9.jar:/Users/macbook/.m2/repository/org/springframework/boot/spring-boot-starter-json/3.1.9/spring-boot-starter-json-3.1.9.jar:/Users/macbook/.m2/repository/com/fasterxml/jackson/core/jackson-databind/2.15.4/jackson-databind-2.15.4.jar:/Users/macbook/.m2/repository/com/fasterxml/jackson/core/jackson-annotations/2.15.4/jackson-annotations-2.15.4.jar:/Users/macbook/.m2/repository/com/fasterxml/jackson/core/jackson-core/2.15.4/jackson-core-2.15.4.jar:/Users/macbook/.m2/repository/com/fasterxml/jackson/datatype/jackson-datatype-jdk8/2.15.4/jackson-datatype-jdk8-2.15.4.jar:/Users/macbook/.m2/repository/com/fasterxml/jackson/datatype/jackson-datatype-jsr310/2.15.4/jackson-datatype-jsr310-2.15.4.jar:/Users/macbook/.m2/repository/com/fasterxml/jackson/module/jackson-module-parameter-names/2.15.4/jackson-module-parameter-names-2.15.4.jar:/Users/macbook/.m2/repository/org/springframework/boot/spring-boot-starter-tomcat/3.1.9/spring-boot-starter-tomcat-3.1.9.jar:/Users/macbook/.m2/repository/org/apache/tomcat/embed/tomcat-embed-core/10.1.19/tomcat-embed-core-10.1.19.jar:/Users/macbook/.m2/repository/org/apache/tomcat/embed/tomcat-embed-el/10.1.19/tomcat-embed-el-10.1.19.jar:/Users/macbook/.m2/repository/org/apache/tomcat/embed/tomcat-embed-websocket/10.1.19/tomcat-embed-websocket-10.1.19.jar:/Users/macbook/.m2/repository/org/springframework/spring-web/6.0.17/spring-web-6.0.17.jar:/Users/macbook/.m2/repository/io/micrometer/micrometer-observation/1.11.9/micrometer-observation-1.11.9.jar:/Users/macbook/.m2/repository/io/micrometer/micrometer-commons/1.11.9/micrometer-commons-1.11.9.jar:/Users/macbook/.m2/repository/org/springframework/spring-webmvc/6.0.17/spring-webmvc-6.0.17.jar:/Users/macbook/.m2/repository/org/springframework/boot/spring-boot-devtools/3.1.9/spring-boot-devtools-3.1.9.jar:/Users/macbook/.m2/repository/org/springframework/boot/spring-boot/3.1.9/spring-boot-3.1.9.jar:/Users/macbook/.m2/repository/org/springframework/boot/spring-boot-autoconfigure/3.1.9/spring-boot-autoconfigure-3.1.9.jar:/Users/macbook/.m2/repository/org/springframework/boot/spring-boot-starter-test/3.1.9/spring-boot-starter-test-3.1.9.jar:/Users/macbook/.m2/repository/org/springframework/boot/spring-boot-test/3.1.9/spring-boot-test-3.1.9.jar:/Users/macbook/.m2/repository/org/springframework/boot/spring-boot-test-autoconfigure/3.1.9/spring-boot-test-autoconfigure-3.1.9.jar:/Users/macbook/.m2/repository/com/jayway/jsonpath/json-path/2.9.0/json-path-2.9.0.jar:/Users/macbook/.m2/repository/jakarta/xml/bind/jakarta.xml.bind-api/4.0.1/jakarta.xml.bind-api-4.0.1.jar:/Users/macbook/.m2/repository/jakarta/activation/jakarta.activation-api/2.1.2/jakarta.activation-api-2.1.2.jar:/Users/macbook/.m2/repository/net/minidev/json-smart/2.4.11/json-smart-2.4.11.jar:/Users/macbook/.m2/repository/net/minidev/accessors-smart/2.4.11/accessors-smart-2.4.11.jar:/Users/macbook/.m2/repository/org/ow2/asm/asm/9.3/asm-9.3.jar:/Users/macbook/.m2/repository/org/assertj/assertj-core/3.24.2/assertj-core-3.24.2.jar:/Users/macbook/.m2/repository/org/hamcrest/hamcrest/2.2/hamcrest-2.2.jar:/Users/macbook/.m2/repository/org/junit/jupiter/junit-jupiter/5.9.3/junit-jupiter-5.9.3.jar:/Users/macbook/.m2/repository/org/junit/jupiter/junit-jupiter-api/5.9.3/junit-jupiter-api-5.9.3.jar:/Users/macbook/.m2/repository/org/opentest4j/opentest4j/1.2.0/opentest4j-1.2.0.jar:/Users/macbook/.m2/repository/org/junit/platform/junit-platform-commons/1.9.3/junit-platform-commons-1.9.3.jar:/Users/macbook/.m2/repository/org/apiguardian/apiguardian-api/1.1.2/apiguardian-api-1.1.2.jar:/Users/macbook/.m2/repository/org/junit/jupiter/junit-jupiter-params/5.9.3/junit-jupiter-params-5.9.3.jar:/Users/macbook/.m2/repository/org/junit/jupiter/junit-jupiter-engine/5.9.3/junit-jupiter-engine-5.9.3.jar:/Users/macbook/.m2/repository/org/junit/platform/junit-platform-engine/1.9.3/junit-platform-engine-1.9.3.jar:/Users/macbook/.m2/repository/org/mockito/mockito-core/5.3.1/mockito-core-5.3.1.jar:/Users/macbook/.m2/repository/net/bytebuddy/byte-buddy-agent/1.14.12/byte-buddy-agent-1.14.12.jar:/Users/macbook/.m2/repository/org/objenesis/objenesis/3.3/objenesis-3.3.jar:/Users/macbook/.m2/repository/org/mockito/mockito-junit-jupiter/5.3.1/mockito-junit-jupiter-5.3.1.jar:/Users/macbook/.m2/repository/org/skyscreamer/jsonassert/1.5.1/jsonassert-1.5.1.jar:/Users/macbook/.m2/repository/com/vaadin/external/google/android-json/0.0.20131108.vaadin1/android-json-0.0.20131108.vaadin1.jar:/Users/macbook/.m2/repository/org/springframework/spring-core/6.0.17/spring-core-6.0.17.jar:/Users/macbook/.m2/repository/org/springframework/spring-jcl/6.0.17/spring-jcl-6.0.17.jar:/Users/macbook/.m2/repository/org/springframework/spring-test/6.0.17/spring-test-6.0.17.jar:/Users/macbook/.m2/repository/org/xmlunit/xmlunit-core/2.9.1/xmlunit-core-2.9.1.jar:"/>
    <property name="sun.cpu.endian" value="little"/>
    <property name="user.home" value="/Users/macbook"/>
    <property name="user.language" value="en"/>
    <property name="java.specification.vendor" value="Oracle Corporation"/>
    <property name="java.version.date" value="2023-01-17"/>
    <property name="java.home" value="/Users/macbook/Library/Java/JavaVirtualMachines/corretto-19.0.2/Contents/Home"/>
    <property name="file.separator" value="/"/>
    <property name="basedir" value="/Users/macbook/dev-spring-boot/05-spring-boot-rest-security/00-spring-boot-rest-security-employee-starter-code"/>
    <property name="java.vm.compressedOopsMode" value="Zero based"/>
    <property name="line.separator" value="&#10;"/>
    <property name="java.vm.specification.vendor" value="Oracle Corporation"/>
    <property name="java.specification.name" value="Java Platform API Specification"/>
    <property name="FILE_LOG_CHARSET" value="UTF-8"/>
    <property name="java.awt.headless" value="true"/>
    <property name="apple.awt.application.name" value="ForkedBooter"/>
    <property name="surefire.real.class.path" value="/Users/macbook/dev-spring-boot/05-spring-boot-rest-security/00-spring-boot-rest-security-employee-starter-code/target/surefire/surefirebooter-20240312213713963_3.jar"/>
    <property name="sun.management.compiler" value="HotSpot 64-Bit Tiered Compilers"/>
    <property name="ftp.nonProxyHosts" value="local|*.local|169.254/16|*.169.254/16"/>
    <property name="java.runtime.version" value="19.0.2+7-FR"/>
    <property name="user.name" value="macbook"/>
    <property name="stdout.encoding" value="UTF-8"/>
    <property name="path.separator" value=":"/>
    <property name="os.version" value="12.7.2"/>
    <property name="java.runtime.name" value="OpenJDK Runtime Environment"/>
    <property name="file.encoding" value="UTF-8"/>
    <property name="java.vm.name" value="OpenJDK 64-Bit Server VM"/>
    <property name="java.vendor.version" value="Corretto-19.0.2.7.1"/>
    <property name="localRepository" value="/Users/macbook/.m2/repository"/>
    <property name="java.vendor.url.bug" value="https://github.com/corretto/corretto-19/issues/"/>
    <property name="java.io.tmpdir" value="/var/folders/lr/5pywzvyx6y15fvcjms_nyyrm0000gn/T/"/>
    <property name="idea.version" value="2023.3.4"/>
    <property name="com.zaxxer.hikari.pool_number" value="1"/>
    <property name="java.version" value="19.0.2"/>
    <property name="user.dir" value="/Users/macbook/dev-spring-boot/05-spring-boot-rest-security/00-spring-boot-rest-security-employee-starter-code"/>
    <property name="os.arch" value="x86_64"/>
    <property name="java.vm.specification.name" value="Java Virtual Machine Specification"/>
    <property name="PID" value="83834"/>
    <property name="CONSOLE_LOG_CHARSET" value="UTF-8"/>
    <property name="native.encoding" value="UTF-8"/>
    <property name="java.library.path" value="/Users/macbook/Library/Java/Extensions:/Library/Java/Extensions:/Network/Library/Java/Extensions:/System/Library/Java/Extensions:/usr/lib/java:."/>
    <property name="java.vm.info" value="mixed mode, sharing"/>
    <property name="stderr.encoding" value="UTF-8"/>
    <property name="java.vendor" value="Amazon.com Inc."/>
    <property name="java.vm.version" value="19.0.2+7-FR"/>
    <property name="sun.io.unicode.encoding" value="UnicodeBig"/>
    <property name="socksNonProxyHosts" value="local|*.local|169.254/16|*.169.254/16"/>
    <property name="java.class.version" value="63.0"/>
  </properties>
  <testcase name="contextLoads" classname="com.luv2code.springboot.cruddemo.CruddemoApplicationTests" time="0.918">
    <system-out><![CDATA[21:37:15.482 [main] INFO org.springframework.test.context.support.AnnotationConfigContextLoaderUtils -- Could not detect default configuration classes for test class [com.luv2code.springboot.cruddemo.CruddemoApplicationTests]: CruddemoApplicationTests does not declare any static, non-private, non-final, nested classes annotated with @Configuration.
21:37:15.719 [main] INFO org.springframework.boot.test.context.SpringBootTestContextBootstrapper -- Found @SpringBootConfiguration com.luv2code.springboot.cruddemo.CruddemoApplication for test class com.luv2code.springboot.cruddemo.CruddemoApplicationTests
21:37:16.082 [main] INFO org.springframework.boot.devtools.restart.RestartApplicationListener -- Restart disabled due to context in which it is running

  .   ____          _            __ _ _
 /\\ / ___'_ __ _ _(_)_ __  __ _ \ \ \ \
( ( )\___ | '_ | '_| | '_ \/ _` | \ \ \ \
 \\/  ___)| |_)| | | | | || (_| |  ) ) ) )
  '  |____| .__|_| |_|_| |_\__, | / / / /
 =========|_|==============|___/=/_/_/_/
 :: Spring Boot ::                (v3.1.9)

2024-03-12T21:37:16.596-07:00  INFO 83834 --- [           main] c.l.s.cruddemo.CruddemoApplicationTests  : Starting CruddemoApplicationTests using Java 19.0.2 with PID 83834 (started by macbook in /Users/macbook/dev-spring-boot/05-spring-boot-rest-security/00-spring-boot-rest-security-employee-starter-code)
2024-03-12T21:37:16.601-07:00  INFO 83834 --- [           main] c.l.s.cruddemo.CruddemoApplicationTests  : No active profile set, falling back to 1 default profile: "default"
2024-03-12T21:37:18.044-07:00  INFO 83834 --- [           main] .s.d.r.c.RepositoryConfigurationDelegate : Bootstrapping Spring Data JPA repositories in DEFAULT mode.
2024-03-12T21:37:18.162-07:00  INFO 83834 --- [           main] .s.d.r.c.RepositoryConfigurationDelegate : Finished Spring Data repository scanning in 99 ms. Found 1 JPA repository interface.
2024-03-12T21:37:19.069-07:00  INFO 83834 --- [           main] o.hibernate.jpa.internal.util.LogHelper  : HHH000204: Processing PersistenceUnitInfo [name: default]
2024-03-12T21:37:19.191-07:00  INFO 83834 --- [           main] org.hibernate.Version                    : HHH000412: Hibernate ORM core version 6.2.22.Final
2024-03-12T21:37:19.194-07:00  INFO 83834 --- [           main] org.hibernate.cfg.Environment            : HHH000406: Using bytecode reflection optimizer
2024-03-12T21:37:19.728-07:00  INFO 83834 --- [           main] o.s.o.j.p.SpringPersistenceUnitInfo      : No LoadTimeWeaver setup: ignoring JPA class transformer
2024-03-12T21:37:19.781-07:00  INFO 83834 --- [           main] com.zaxxer.hikari.HikariDataSource       : HikariPool-1 - Starting...
2024-03-12T21:37:20.073-07:00  INFO 83834 --- [           main] com.zaxxer.hikari.pool.HikariPool        : HikariPool-1 - Added connection org.postgresql.jdbc.PgConnection@77c66a4f
2024-03-12T21:37:20.076-07:00  INFO 83834 --- [           main] com.zaxxer.hikari.HikariDataSource       : HikariPool-1 - Start completed.
2024-03-12T21:37:20.132-07:00  WARN 83834 --- [           main] org.hibernate.orm.deprecation            : HHH90000025: PostgreSQLDialect does not need to be specified explicitly using 'hibernate.dialect' (remove the property setting and it will be selected by default)
2024-03-12T21:37:21.573-07:00  INFO 83834 --- [           main] o.h.e.t.j.p.i.JtaPlatformInitiator       : HHH000489: No JTA platform available (set 'hibernate.transaction.jta.platform' to enable JTA platform integration)
2024-03-12T21:37:21.740-07:00  INFO 83834 --- [           main] j.LocalContainerEntityManagerFactoryBean : Initialized JPA EntityManagerFactory for persistence unit 'default'
2024-03-12T21:37:22.406-07:00  WARN 83834 --- [           main] JpaBaseConfiguration$JpaWebConfiguration : spring.jpa.open-in-view is enabled by default. Therefore, database queries may be performed during view rendering. Explicitly configure spring.jpa.open-in-view to disable this warning
2024-03-12T21:37:23.427-07:00  WARN 83834 --- [           main] .s.s.UserDetailsServiceAutoConfiguration : 

Using generated security password: 385fa5a8-a972-446a-a679-a47622e4dbcb

This generated password is for development use only. Your security configuration must be updated before running your application in production.

2024-03-12T21:37:23.714-07:00  INFO 83834 --- [           main] o.s.s.web.DefaultSecurityFilterChain     : Will secure any request with [org.springframework.security.web.session.DisableEncodeUrlFilter@ecb8b3e, org.springframework.security.web.context.request.async.WebAsyncManagerIntegrationFilter@7e764e5c, org.springframework.security.web.context.SecurityContextHolderFilter@2bed5828, org.springframework.security.web.header.HeaderWriterFilter@24bba1b7, org.springframework.security.web.csrf.CsrfFilter@135a8808, org.springframework.security.web.authentication.logout.LogoutFilter@1e4b70c6, org.springframework.security.web.authentication.UsernamePasswordAuthenticationFilter@477e5b69, org.springframework.security.web.authentication.ui.DefaultLoginPageGeneratingFilter@23909b3, org.springframework.security.web.authentication.ui.DefaultLogoutPageGeneratingFilter@42457891, org.springframework.security.web.authentication.www.BasicAuthenticationFilter@50841932, org.springframework.security.web.savedrequest.RequestCacheAwareFilter@7c0035dd, org.springframework.security.web.servletapi.SecurityContextHolderAwareRequestFilter@29c76d75, org.springframework.security.web.authentication.AnonymousAuthenticationFilter@92de794, org.springframework.security.web.access.ExceptionTranslationFilter@663e1144, org.springframework.security.web.access.intercept.AuthorizationFilter@c931728]
2024-03-12T21:37:23.796-07:00  INFO 83834 --- [           main] c.l.s.cruddemo.CruddemoApplicationTests  : Started CruddemoApplicationTests in 7.739 seconds (process running for 9.667)
]]></system-out>
  </testcase>
</testsuite>